Using pre-set license
Built from '2021.1/release' branch; Version is '2021.1.4f1 (4cd64a618c1b) revision 5035594'; Using compiler version '192528614'; Build Type 'Release'
OS: 'Windows 10 Enterprise LTSC 2019; OS build 17763.1999; Version 1809; 64bit' Language: 'ru' Physical Memory: 16324 MB
BatchMode: 1, IsHumanControllingUs: 0, StartBugReporterOnCrash: 0, Is64bit: 1, IsPro: 0

 COMMAND LINE ARGUMENTS:
E:\Program Files (x86)\Unity\2021.1.4f1\Editor\Unity.exe
-adb2
-batchMode
-noUpm
-name
AssetImportWorker0
-projectPath
G:/GitRepos/MissionDemolition
-logFile
Logs/AssetImportWorker0.log
-srvPort
59028
Successfully changed project path to: G:/GitRepos/MissionDemolition
G:/GitRepos/MissionDemolition
Using Asset Import Pipeline V2.
Refreshing native plugins compatible for Editor in 75.97 ms, found 1 plugins.
Preloading 0 native plugins for Editor in 0.00 ms.
Initialize engine version: 2021.1.4f1 (4cd64a618c1b)
[Subsystems] Discovering subsystems at path E:/Program Files (x86)/Unity/2021.1.4f1/Editor/Data/Resources/UnitySubsystems
[Subsystems] Discovering subsystems at path G:/GitRepos/MissionDemolition/Assets
GfxDevice: creating device client; threaded=0; jobified=0
Direct3D:
    Version:  Direct3D 11.0 [level 11.1]
    Renderer: NVIDIA GeForce GTX 1070 (ID=0x1b81)
    Vendor:   NVIDIA
    VRAM:     8088 MB
    Driver:   27.21.14.6663
Initialize mono
Mono path[0] = 'E:/Program Files (x86)/Unity/2021.1.4f1/Editor/Data/Managed'
Mono path[1] = 'E:/Program Files (x86)/Unity/2021.1.4f1/Editor/Data/MonoBleedingEdge/lib/mono/unityjit'
Mono config path = 'E:/Program Files (x86)/Unity/2021.1.4f1/Editor/Data/MonoBleedingEdge/etc'
Using monoOptions --debugger-agent=transport=dt_socket,embedding=1,server=y,suspend=n,address=127.0.0.1:56632
Begin MonoManager ReloadAssembly
Registering precompiled unity dll's ...
Register platform support module: E:/Program Files (x86)/Unity/2021.1.4f1/Editor/Data/PlaybackEngines/WindowsStandaloneSupport/UnityEditor.WindowsStandalone.Extensions.dll
Registered in 0.001252 seconds.
Native extension for WindowsStandalone target not found
Refreshing native plugins compatible for Editor in 67.69 ms, found 1 plugins.
Preloading 0 native plugins for Editor in 0.00 ms.
Mono: successfully reloaded assembly
- Completed reload, in 14.330 seconds
Platform modules already initialized, skipping
Registering precompiled user dll's ...
Registered in 0.003246 seconds.
Begin MonoManager ReloadAssembly
Native extension for WindowsStandalone target not found
Refreshing native plugins compatible for Editor in 0.47 ms, found 1 plugins.
Preloading 0 native plugins for Editor in 0.00 ms.
Mono: successfully reloaded assembly
- Completed reload, in  1.097 seconds
Platform modules already initialized, skipping
========================================================================
Worker process is ready to serve import requests
Launched and connected shader compiler UnityShaderCompiler.exe after 0.68 seconds
Refreshing native plugins compatible for Editor in 0.84 ms, found 1 plugins.
Preloading 0 native plugins for Editor in 0.00 ms.
Unloading 2668 Unused Serialized files (Serialized files now loaded: 0)
System memory in use before: 98.6 MB.
System memory in use after: 98.8 MB.

Unloading 15 unused Assets to reduce memory usage. Loaded Objects now: 3122.
Total: 1.951000 ms (FindLiveObjects: 0.216900 ms CreateObjectMapping: 0.106900 ms MarkObjects: 1.562800 ms  DeleteObjects: 0.063600 ms)

========================================================================
Received Import Request.
  path: Assets/Scripts/Cloud.cs
  artifactKey: Guid(c77f778ea9ac0dd4da62154dabe9f01a) Importer(815301076,1909f56bfc062723c751e8b465ee728b)
Start importing Assets/Scripts/Cloud.cs using Guid(c77f778ea9ac0dd4da62154dabe9f01a) Importer(815301076,1909f56bfc062723c751e8b465ee728b)  -> (artifact id: '5e6f72ce2c9110dda981970e2307a96b') in 0.031153 seconds 
========================================================================
Received Prepare
Registering precompiled user dll's ...
Registered in 0.006933 seconds.
Begin MonoManager ReloadAssembly
Native extension for WindowsStandalone target not found
Refreshing native plugins compatible for Editor in 0.81 ms, found 1 plugins.
Preloading 0 native plugins for Editor in 0.00 ms.
Mono: successfully reloaded assembly
- Completed reload, in  1.869 seconds
Platform modules already initialized, skipping
Refreshing native plugins compatible for Editor in 0.81 ms, found 1 plugins.
Preloading 0 native plugins for Editor in 0.00 ms.
Unloading 2663 Unused Serialized files (Serialized files now loaded: 0)
System memory in use before: 98.6 MB.
System memory in use after: 98.8 MB.

Unloading 10 unused Assets to reduce memory usage. Loaded Objects now: 3125.
Total: 2.468300 ms (FindLiveObjects: 0.283100 ms CreateObjectMapping: 0.110000 ms MarkObjects: 2.019600 ms  DeleteObjects: 0.054300 ms)

========================================================================
Received Import Request.
  Time since last request: 7793.392405 seconds.
  path: Assets/Scripts/Cloud.cs
  artifactKey: Guid(c77f778ea9ac0dd4da62154dabe9f01a) Importer(815301076,1909f56bfc062723c751e8b465ee728b)
Start importing Assets/Scripts/Cloud.cs using Guid(c77f778ea9ac0dd4da62154dabe9f01a) Importer(815301076,1909f56bfc062723c751e8b465ee728b)  -> (artifact id: '769d875f85c3a6fe0ea3ac8abd9d8146') in 0.009388 seconds 
========================================================================
Received Prepare
Registering precompiled user dll's ...
Registered in 0.004051 seconds.
Begin MonoManager ReloadAssembly
Native extension for WindowsStandalone target not found
Refreshing native plugins compatible for Editor in 0.45 ms, found 1 plugins.
Preloading 0 native plugins for Editor in 0.00 ms.
Mono: successfully reloaded assembly
- Completed reload, in  1.022 seconds
Platform modules already initialized, skipping
Refreshing native plugins compatible for Editor in 0.61 ms, found 1 plugins.
Preloading 0 native plugins for Editor in 0.00 ms.
Unloading 2663 Unused Serialized files (Serialized files now loaded: 0)
System memory in use before: 98.7 MB.
System memory in use after: 98.9 MB.

Unloading 10 unused Assets to reduce memory usage. Loaded Objects now: 3128.
Total: 2.215000 ms (FindLiveObjects: 0.186300 ms CreateObjectMapping: 0.104300 ms MarkObjects: 1.871300 ms  DeleteObjects: 0.051800 ms)

========================================================================
Received Import Request.
  Time since last request: 161.245891 seconds.
  path: Assets/Prefabs/Cloud.prefab
  artifactKey: Guid(3630a61f3e6d25d48a3c923904c6116c) Importer(815301076,1909f56bfc062723c751e8b465ee728b)
Start importing Assets/Prefabs/Cloud.prefab using Guid(3630a61f3e6d25d48a3c923904c6116c) Importer(815301076,1909f56bfc062723c751e8b465ee728b)  -> (artifact id: 'c817efd36ba84acf549e69c81cbad345') in 0.050427 seconds 
========================================================================
Received Import Request.
  Time since last request: 77.691958 seconds.
  path: Assets/Scripts/CloudCrafter.cs
  artifactKey: Guid(753a96bbe81ded6429f1ac89ea319442) Importer(815301076,1909f56bfc062723c751e8b465ee728b)
Start importing Assets/Scripts/CloudCrafter.cs using Guid(753a96bbe81ded6429f1ac89ea319442) Importer(815301076,1909f56bfc062723c751e8b465ee728b)  -> (artifact id: 'caa36c157c6b4a3cddbd2b7d3716b79d') in 0.003645 seconds 
========================================================================
Received Prepare
Registering precompiled user dll's ...
Registered in 0.002949 seconds.
Begin MonoManager ReloadAssembly
Native extension for WindowsStandalone target not found
Refreshing native plugins compatible for Editor in 0.46 ms, found 1 plugins.
Preloading 0 native plugins for Editor in 0.00 ms.
Mono: successfully reloaded assembly
- Completed reload, in  0.985 seconds
Platform modules already initialized, skipping
Refreshing native plugins compatible for Editor in 0.50 ms, found 1 plugins.
Preloading 0 native plugins for Editor in 0.00 ms.
Unloading 2664 Unused Serialized files (Serialized files now loaded: 0)
System memory in use before: 98.8 MB.
System memory in use after: 98.9 MB.

Unloading 10 unused Assets to reduce memory usage. Loaded Objects now: 3133.
Total: 3.159400 ms (FindLiveObjects: 0.359800 ms CreateObjectMapping: 0.228100 ms MarkObjects: 2.518000 ms  DeleteObjects: 0.052100 ms)

========================================================================
Received Prepare
Registering precompiled user dll's ...
Registered in 0.003953 seconds.
Begin MonoManager ReloadAssembly
Native extension for WindowsStandalone target not found
Refreshing native plugins compatible for Editor in 0.99 ms, found 1 plugins.
Preloading 0 native plugins for Editor in 0.00 ms.
Mono: successfully reloaded assembly
- Completed reload, in  1.005 seconds
Platform modules already initialized, skipping
Refreshing native plugins compatible for Editor in 0.95 ms, found 1 plugins.
Preloading 0 native plugins for Editor in 0.00 ms.
Unloading 2664 Unused Serialized files (Serialized files now loaded: 0)
System memory in use before: 98.8 MB.
System memory in use after: 99.0 MB.

Unloading 10 unused Assets to reduce memory usage. Loaded Objects now: 3136.
Total: 2.706700 ms (FindLiveObjects: 0.502800 ms CreateObjectMapping: 0.301300 ms MarkObjects: 1.853800 ms  DeleteObjects: 0.047800 ms)

========================================================================
Received Import Request.
  Time since last request: 926.915001 seconds.
  path: Assets/Scripts/CloudCrafter.cs
  artifactKey: Guid(753a96bbe81ded6429f1ac89ea319442) Importer(815301076,1909f56bfc062723c751e8b465ee728b)
Start importing Assets/Scripts/CloudCrafter.cs using Guid(753a96bbe81ded6429f1ac89ea319442) Importer(815301076,1909f56bfc062723c751e8b465ee728b)  -> (artifact id: 'f992134f6b32f8573ab0dfa2290b2da7') in 0.007385 seconds 
========================================================================
Received Prepare
Registering precompiled user dll's ...
Registered in 0.003756 seconds.
Begin MonoManager ReloadAssembly
Native extension for WindowsStandalone target not found
Refreshing native plugins compatible for Editor in 0.63 ms, found 1 plugins.
Preloading 0 native plugins for Editor in 0.00 ms.
Mono: successfully reloaded assembly
- Completed reload, in  1.071 seconds
Platform modules already initialized, skipping
Refreshing native plugins compatible for Editor in 0.65 ms, found 1 plugins.
Preloading 0 native plugins for Editor in 0.00 ms.
Unloading 2664 Unused Serialized files (Serialized files now loaded: 0)
System memory in use before: 98.8 MB.
System memory in use after: 99.0 MB.

Unloading 10 unused Assets to reduce memory usage. Loaded Objects now: 3139.
Total: 2.472600 ms (FindLiveObjects: 0.268000 ms CreateObjectMapping: 0.262900 ms MarkObjects: 1.896600 ms  DeleteObjects: 0.044000 ms)

========================================================================
Received Prepare
Registering precompiled user dll's ...
Registered in 0.002862 seconds.
Begin MonoManager ReloadAssembly
Native extension for WindowsStandalone target not found
Refreshing native plugins compatible for Editor in 0.49 ms, found 1 plugins.
Preloading 0 native plugins for Editor in 0.00 ms.
Mono: successfully reloaded assembly
- Completed reload, in  0.954 seconds
Platform modules already initialized, skipping
Refreshing native plugins compatible for Editor in 0.49 ms, found 1 plugins.
Preloading 0 native plugins for Editor in 0.00 ms.
Unloading 2664 Unused Serialized files (Serialized files now loaded: 0)
System memory in use before: 98.8 MB.
System memory in use after: 99.0 MB.

Unloading 10 unused Assets to reduce memory usage. Loaded Objects now: 3142.
Total: 2.156200 ms (FindLiveObjects: 0.205900 ms CreateObjectMapping: 0.110200 ms MarkObjects: 1.789900 ms  DeleteObjects: 0.048900 ms)

========================================================================
Received Import Request.
  Time since last request: 1859.399707 seconds.
  path: Assets/Scripts/RigidbodySleep.cs
  artifactKey: Guid(73921335df8d24148bdbcb6594332628) Importer(815301076,1909f56bfc062723c751e8b465ee728b)
Start importing Assets/Scripts/RigidbodySleep.cs using Guid(73921335df8d24148bdbcb6594332628) Importer(815301076,1909f56bfc062723c751e8b465ee728b)  -> (artifact id: 'dac14363b223ce0758aecf1aabb11608') in 0.007966 seconds 
========================================================================
Received Prepare
Registering precompiled user dll's ...
Registered in 0.002899 seconds.
Begin MonoManager ReloadAssembly
Native extension for WindowsStandalone target not found
Refreshing native plugins compatible for Editor in 0.44 ms, found 1 plugins.
Preloading 0 native plugins for Editor in 0.00 ms.
Mono: successfully reloaded assembly
- Completed reload, in  1.033 seconds
Platform modules already initialized, skipping
Refreshing native plugins compatible for Editor in 0.68 ms, found 1 plugins.
Preloading 0 native plugins for Editor in 0.00 ms.
Unloading 2665 Unused Serialized files (Serialized files now loaded: 0)
System memory in use before: 98.8 MB.
System memory in use after: 99.0 MB.

Unloading 10 unused Assets to reduce memory usage. Loaded Objects now: 3146.
Total: 2.128000 ms (FindLiveObjects: 0.186800 ms CreateObjectMapping: 0.102800 ms MarkObjects: 1.794600 ms  DeleteObjects: 0.042800 ms)

========================================================================
Received Prepare
Registering precompiled user dll's ...
Registered in 0.003205 seconds.
Begin MonoManager ReloadAssembly
Native extension for WindowsStandalone target not found
Refreshing native plugins compatible for Editor in 0.48 ms, found 1 plugins.
Preloading 0 native plugins for Editor in 0.00 ms.
Mono: successfully reloaded assembly
- Completed reload, in  1.072 seconds
Platform modules already initialized, skipping
Refreshing native plugins compatible for Editor in 0.63 ms, found 1 plugins.
Preloading 0 native plugins for Editor in 0.00 ms.
Unloading 2665 Unused Serialized files (Serialized files now loaded: 0)
System memory in use before: 98.8 MB.
System memory in use after: 99.0 MB.

Unloading 10 unused Assets to reduce memory usage. Loaded Objects now: 3149.
Total: 2.205500 ms (FindLiveObjects: 0.245800 ms CreateObjectMapping: 0.208800 ms MarkObjects: 1.708700 ms  DeleteObjects: 0.040900 ms)

========================================================================
Received Import Request.
  Time since last request: 107.394653 seconds.
  path: Assets/Scripts/RigidbodySleep.cs
  artifactKey: Guid(73921335df8d24148bdbcb6594332628) Importer(815301076,1909f56bfc062723c751e8b465ee728b)
Start importing Assets/Scripts/RigidbodySleep.cs using Guid(73921335df8d24148bdbcb6594332628) Importer(815301076,1909f56bfc062723c751e8b465ee728b)  -> (artifact id: '751ede8fe81a78364871780c3c1578af') in 0.008474 seconds 
========================================================================
Received Import Request.
  Time since last request: 17.884941 seconds.
  path: Assets/Prefabs/Wall.prefab
  artifactKey: Guid(c2ce60ef53cfd5f43bdc9ca38b6c793b) Importer(815301076,1909f56bfc062723c751e8b465ee728b)
Start importing Assets/Prefabs/Wall.prefab using Guid(c2ce60ef53cfd5f43bdc9ca38b6c793b) Importer(815301076,1909f56bfc062723c751e8b465ee728b)  -> (artifact id: 'ad20e82fc8f54ca707fe69e601dd69f6') in 0.159800 seconds 
========================================================================
Received Import Request.
  Time since last request: 136.010454 seconds.
  path: Assets/Prefabs/Wall 1.prefab
  artifactKey: Guid(b57e98f4e787ef04b97b72af003daecc) Importer(815301076,1909f56bfc062723c751e8b465ee728b)
Start importing Assets/Prefabs/Wall 1.prefab using Guid(b57e98f4e787ef04b97b72af003daecc) Importer(815301076,1909f56bfc062723c751e8b465ee728b)  -> (artifact id: 'b70c04916f85e4c8358ebcf4b2bd9b0e') in 0.020636 seconds 
========================================================================
Received Import Request.
  Time since last request: 6.960783 seconds.
  path: Assets/Prefabs/Slab.prefab
  artifactKey: Guid(b57e98f4e787ef04b97b72af003daecc) Importer(815301076,1909f56bfc062723c751e8b465ee728b)
Start importing Assets/Prefabs/Slab.prefab using Guid(b57e98f4e787ef04b97b72af003daecc) Importer(815301076,1909f56bfc062723c751e8b465ee728b)  -> (artifact id: '80f3cc611c6d51918e85efb2e7fa332e') in 0.015751 seconds 
========================================================================
Received Import Request.
  Time since last request: 43.402281 seconds.
  path: Assets/Prefabs/Slab.prefab
  artifactKey: Guid(b57e98f4e787ef04b97b72af003daecc) Importer(815301076,1909f56bfc062723c751e8b465ee728b)
Start importing Assets/Prefabs/Slab.prefab using Guid(b57e98f4e787ef04b97b72af003daecc) Importer(815301076,1909f56bfc062723c751e8b465ee728b)  -> (artifact id: '0e3694c2615f6c1e4188f5c08510816d') in 0.010227 seconds 
========================================================================
Received Import Request.
  Time since last request: 2.231195 seconds.
  path: Assets/Prefabs/Slab.prefab
  artifactKey: Guid(b57e98f4e787ef04b97b72af003daecc) Importer(815301076,1909f56bfc062723c751e8b465ee728b)
Start importing Assets/Prefabs/Slab.prefab using Guid(b57e98f4e787ef04b97b72af003daecc) Importer(815301076,1909f56bfc062723c751e8b465ee728b)  -> (artifact id: '9dd914eed569ea21bf932416038b2d95') in 0.007771 seconds 
========================================================================
Received Import Request.
  Time since last request: 519.234367 seconds.
  path: Assets/Prefabs/Slab.prefab
  artifactKey: Guid(b57e98f4e787ef04b97b72af003daecc) Importer(815301076,1909f56bfc062723c751e8b465ee728b)
Start importing Assets/Prefabs/Slab.prefab using Guid(b57e98f4e787ef04b97b72af003daecc) Importer(815301076,1909f56bfc062723c751e8b465ee728b)  -> (artifact id: 'ae15c2f5faa4d55dc8b3c7eac8360e89') in 0.010672 seconds 
========================================================================
Received Import Request.
  Time since last request: 95.543211 seconds.
  path: Assets/Prefabs/Goal.prefab
  artifactKey: Guid(a644ed5c8b80cfc4a89d7efb7309b072) Importer(815301076,1909f56bfc062723c751e8b465ee728b)
Start importing Assets/Prefabs/Goal.prefab using Guid(a644ed5c8b80cfc4a89d7efb7309b072) Importer(815301076,1909f56bfc062723c751e8b465ee728b)  -> (artifact id: '8bfa475f0c07794941cdc84732e57fed') in 0.010113 seconds 
========================================================================
Received Prepare
Registering precompiled user dll's ...
Registered in 0.002825 seconds.
Begin MonoManager ReloadAssembly
Native extension for WindowsStandalone target not found
Refreshing native plugins compatible for Editor in 0.51 ms, found 1 plugins.
Preloading 0 native plugins for Editor in 0.00 ms.
Mono: successfully reloaded assembly
- Completed reload, in  0.993 seconds
Platform modules already initialized, skipping
Refreshing native plugins compatible for Editor in 0.54 ms, found 1 plugins.
Preloading 0 native plugins for Editor in 0.00 ms.
Unloading 2665 Unused Serialized files (Serialized files now loaded: 0)
System memory in use before: 102.5 MB.
System memory in use after: 102.7 MB.

Unloading 11 unused Assets to reduce memory usage. Loaded Objects now: 3160.
Total: 2.109600 ms (FindLiveObjects: 0.223100 ms CreateObjectMapping: 0.198500 ms MarkObjects: 1.642300 ms  DeleteObjects: 0.044700 ms)

========================================================================
Received Import Request.
  Time since last request: 367.791955 seconds.
  path: ProjectSettings/TagManager.asset
  artifactKey: Guid(00000000000000003000000000000000) Importer(815301076,1909f56bfc062723c751e8b465ee728b)
Start importing ProjectSettings/TagManager.asset using Guid(00000000000000003000000000000000) Importer(815301076,1909f56bfc062723c751e8b465ee728b)  -> (artifact id: '1e2f58abe6b20e4adaaad39b996e06f0') in 0.016313 seconds 
========================================================================
Received Import Request.
  Time since last request: 14.088632 seconds.
  path: Assets/Prefabs/Projectile.prefab
  artifactKey: Guid(484dcddfbff382e48aae0015293d8f88) Importer(815301076,1909f56bfc062723c751e8b465ee728b)
Start importing Assets/Prefabs/Projectile.prefab using Guid(484dcddfbff382e48aae0015293d8f88) Importer(815301076,1909f56bfc062723c751e8b465ee728b)  -> (artifact id: 'a24f929b6407cc25fa11dd75c51452e9') in 0.056730 seconds 
========================================================================
Received Import Request.
  Time since last request: 19.671649 seconds.
  path: Assets/Scripts/FollowCamera.cs
  artifactKey: Guid(b348420a98ad20344992bb018dfe486e) Importer(815301076,1909f56bfc062723c751e8b465ee728b)
Start importing Assets/Scripts/FollowCamera.cs using Guid(b348420a98ad20344992bb018dfe486e) Importer(815301076,1909f56bfc062723c751e8b465ee728b)  -> (artifact id: 'f3a58b85c5d5f99206a7b504d461a5c1') in 0.002652 seconds 
========================================================================
Received Prepare
Registering precompiled user dll's ...
Registered in 0.003139 seconds.
Begin MonoManager ReloadAssembly
Native extension for WindowsStandalone target not found
Refreshing native plugins compatible for Editor in 0.47 ms, found 1 plugins.
Preloading 0 native plugins for Editor in 0.00 ms.
Mono: successfully reloaded assembly
- Completed reload, in  1.060 seconds
Platform modules already initialized, skipping
Refreshing native plugins compatible for Editor in 0.60 ms, found 1 plugins.
Preloading 0 native plugins for Editor in 0.00 ms.
Unloading 2665 Unused Serialized files (Serialized files now loaded: 0)
System memory in use before: 102.5 MB.
System memory in use after: 102.7 MB.

Unloading 11 unused Assets to reduce memory usage. Loaded Objects now: 3164.
Total: 2.516000 ms (FindLiveObjects: 0.244700 ms CreateObjectMapping: 0.213600 ms MarkObjects: 2.008500 ms  DeleteObjects: 0.048100 ms)

========================================================================
Received Import Request.
  Time since last request: 267.970159 seconds.
  path: Assets/Scripts/FollowCamera.cs
  artifactKey: Guid(b348420a98ad20344992bb018dfe486e) Importer(815301076,1909f56bfc062723c751e8b465ee728b)
Start importing Assets/Scripts/FollowCamera.cs using Guid(b348420a98ad20344992bb018dfe486e) Importer(815301076,1909f56bfc062723c751e8b465ee728b)  -> (artifact id: '04a76026da23dbce43217e52374efff3') in 0.005697 seconds 
========================================================================
Received Prepare
Registering precompiled user dll's ...
Registered in 0.004909 seconds.
Begin MonoManager ReloadAssembly
Native extension for WindowsStandalone target not found
Refreshing native plugins compatible for Editor in 0.45 ms, found 1 plugins.
Preloading 0 native plugins for Editor in 0.00 ms.
Mono: successfully reloaded assembly
- Completed reload, in  0.975 seconds
Platform modules already initialized, skipping
Refreshing native plugins compatible for Editor in 0.77 ms, found 1 plugins.
Preloading 0 native plugins for Editor in 0.00 ms.
Unloading 2665 Unused Serialized files (Serialized files now loaded: 0)
System memory in use before: 102.5 MB.
System memory in use after: 102.7 MB.

Unloading 10 unused Assets to reduce memory usage. Loaded Objects now: 3167.
Total: 2.912900 ms (FindLiveObjects: 0.275000 ms CreateObjectMapping: 0.230900 ms MarkObjects: 2.355200 ms  DeleteObjects: 0.050000 ms)

========================================================================
Received Import Request.
  Time since last request: 1404.807958 seconds.
  path: Assets/Scripts/ProjectileLine.cs
  artifactKey: Guid(93279d77a86d20a4bbe059722e52e442) Importer(815301076,1909f56bfc062723c751e8b465ee728b)
Start importing Assets/Scripts/ProjectileLine.cs using Guid(93279d77a86d20a4bbe059722e52e442) Importer(815301076,1909f56bfc062723c751e8b465ee728b)  -> (artifact id: '79d1f79d1338d5571fe1287142bc28d4') in 0.009900 seconds 
========================================================================
Received Prepare
Registering precompiled user dll's ...
Registered in 0.004483 seconds.
Begin MonoManager ReloadAssembly
Native extension for WindowsStandalone target not found
Refreshing native plugins compatible for Editor in 0.48 ms, found 1 plugins.
Preloading 0 native plugins for Editor in 0.00 ms.
Mono: successfully reloaded assembly
- Completed reload, in  1.091 seconds
Platform modules already initialized, skipping
Refreshing native plugins compatible for Editor in 0.90 ms, found 1 plugins.
Preloading 0 native plugins for Editor in 0.00 ms.
Unloading 2666 Unused Serialized files (Serialized files now loaded: 0)
System memory in use before: 102.6 MB.
System memory in use after: 102.8 MB.

Unloading 10 unused Assets to reduce memory usage. Loaded Objects now: 3171.
Total: 3.858100 ms (FindLiveObjects: 0.445700 ms CreateObjectMapping: 0.280100 ms MarkObjects: 3.056100 ms  DeleteObjects: 0.074300 ms)

========================================================================
Received Import Request.
  Time since last request: 1515.341358 seconds.
  path: Assets/Scripts/ProjectileLine.cs
  artifactKey: Guid(93279d77a86d20a4bbe059722e52e442) Importer(815301076,1909f56bfc062723c751e8b465ee728b)
Start importing Assets/Scripts/ProjectileLine.cs using Guid(93279d77a86d20a4bbe059722e52e442) Importer(815301076,1909f56bfc062723c751e8b465ee728b)  -> (artifact id: '308d7ff06a1c23a936e1bcb27ef7c208') in 0.008855 seconds 
========================================================================
Received Import Request.
  Time since last request: 8.022349 seconds.
  path: Assets/Scripts/Slingshot.cs
  artifactKey: Guid(8794bdcedaf0004448a4aa11e2c58786) Importer(815301076,1909f56bfc062723c751e8b465ee728b)
Start importing Assets/Scripts/Slingshot.cs using Guid(8794bdcedaf0004448a4aa11e2c58786) Importer(815301076,1909f56bfc062723c751e8b465ee728b)  -> (artifact id: '94bc9ffba5a4a5020d479680e85a1d1e') in 0.003985 seconds 
========================================================================
Received Prepare
Registering precompiled user dll's ...
Registered in 0.002958 seconds.
Begin MonoManager ReloadAssembly
Native extension for WindowsStandalone target not found
Refreshing native plugins compatible for Editor in 0.82 ms, found 1 plugins.
Preloading 0 native plugins for Editor in 0.00 ms.
Mono: successfully reloaded assembly
- Completed reload, in  1.073 seconds
Platform modules already initialized, skipping
Refreshing native plugins compatible for Editor in 0.73 ms, found 1 plugins.
Preloading 0 native plugins for Editor in 0.00 ms.
Unloading 2666 Unused Serialized files (Serialized files now loaded: 0)
System memory in use before: 102.6 MB.
System memory in use after: 102.8 MB.

Unloading 10 unused Assets to reduce memory usage. Loaded Objects now: 3174.
Total: 2.204300 ms (FindLiveObjects: 0.187300 ms CreateObjectMapping: 0.103600 ms MarkObjects: 1.870600 ms  DeleteObjects: 0.041800 ms)

========================================================================
Received Import Request.
  Time since last request: 195.664186 seconds.
  path: Assets/Scripts/Slingshot.cs
  artifactKey: Guid(8794bdcedaf0004448a4aa11e2c58786) Importer(815301076,1909f56bfc062723c751e8b465ee728b)
Start importing Assets/Scripts/Slingshot.cs using Guid(8794bdcedaf0004448a4aa11e2c58786) Importer(815301076,1909f56bfc062723c751e8b465ee728b)  -> (artifact id: 'c78653d9ab13662134210dc5ec61651e') in 0.009368 seconds 
========================================================================
Received Prepare
Registering precompiled user dll's ...
Registered in 0.004439 seconds.
Begin MonoManager ReloadAssembly
Native extension for WindowsStandalone target not found
Refreshing native plugins compatible for Editor in 0.45 ms, found 1 plugins.
Preloading 0 native plugins for Editor in 0.00 ms.
Mono: successfully reloaded assembly
- Completed reload, in  0.999 seconds
Platform modules already initialized, skipping
Refreshing native plugins compatible for Editor in 1.13 ms, found 1 plugins.
Preloading 0 native plugins for Editor in 0.00 ms.
Unloading 2666 Unused Serialized files (Serialized files now loaded: 0)
System memory in use before: 102.6 MB.
System memory in use after: 102.8 MB.

Unloading 10 unused Assets to reduce memory usage. Loaded Objects now: 3177.
Total: 2.076800 ms (FindLiveObjects: 0.226900 ms CreateObjectMapping: 0.201500 ms MarkObjects: 1.604200 ms  DeleteObjects: 0.043400 ms)

AssetImportWorkerClient::OnTransportError - code=2 error=End of file
